[13-Apr-2019 15:55:15 UTC] PHP Fatal error:  Uncaught exception 'PDOException' with message 'SQLSTATE[HY093]: Invalid parameter number: no parameters were bound' in /home/ubuntu/workspace/CST336/Labs/lab7/loginProcess.php:22
Stack trace:
#0 /home/ubuntu/workspace/CST336/Labs/lab7/loginProcess.php(22): PDOStatement->execute()
#1 {main}
  thrown in /home/ubuntu/workspace/CST336/Labs/lab7/loginProcess.php on line 22
[14-Apr-2019 19:50:14 UTC] PHP Parse error:  syntax error, unexpected 'if' (T_IF) in /home/ubuntu/workspace/CST336/Labs/lab7/loginProcess.php on line 26
[14-Apr-2019 19:51:45 UTC] PHP Notice:  Undefined index: username in /home/ubuntu/workspace/CST336/Labs/lab7/loginProcess.php on line 13
[14-Apr-2019 19:51:45 UTC] PHP Stack trace:
[14-Apr-2019 19:51:45 UTC] PHP   1. {main}() /home/ubuntu/workspace/CST336/Labs/lab7/loginProcess.php:0
[14-Apr-2019 19:51:45 UTC] PHP Notice:  Undefined index: password in /home/ubuntu/workspace/CST336/Labs/lab7/loginProcess.php on line 14
[14-Apr-2019 19:51:45 UTC] PHP Stack trace:
[14-Apr-2019 19:51:45 UTC] PHP   1. {main}() /home/ubuntu/workspace/CST336/Labs/lab7/loginProcess.php:0
[14-Apr-2019 19:52:09 UTC] PHP Notice:  Undefined index: username in /home/ubuntu/workspace/CST336/Labs/lab7/loginProcess.php on line 13
[14-Apr-2019 19:52:09 UTC] PHP Stack trace:
[14-Apr-2019 19:52:09 UTC] PHP   1. {main}() /home/ubuntu/workspace/CST336/Labs/lab7/loginProcess.php:0
[14-Apr-2019 19:52:09 UTC] PHP Notice:  Undefined index: password in /home/ubuntu/workspace/CST336/Labs/lab7/loginProcess.php on line 14
[14-Apr-2019 19:52:09 UTC] PHP Stack trace:
[14-Apr-2019 19:52:09 UTC] PHP   1. {main}() /home/ubuntu/workspace/CST336/Labs/lab7/loginProcess.php:0
[14-Apr-2019 20:07:41 UTC] PHP Notice:  Undefined index: username in /home/ubuntu/workspace/CST336/Labs/lab7/loginProcess.php on line 13
[14-Apr-2019 20:07:41 UTC] PHP Stack trace:
[14-Apr-2019 20:07:41 UTC] PHP   1. {main}() /home/ubuntu/workspace/CST336/Labs/lab7/loginProcess.php:0
[14-Apr-2019 20:07:41 UTC] PHP Notice:  Undefined index: password in /home/ubuntu/workspace/CST336/Labs/lab7/loginProcess.php on line 14
[14-Apr-2019 20:07:41 UTC] PHP Stack trace:
[14-Apr-2019 20:07:41 UTC] PHP   1. {main}() /home/ubuntu/workspace/CST336/Labs/lab7/loginProcess.php:0
[06-May-2019 18:49:39 UTC] PHP Warning:  filesize() expects parameter 1 to be a valid path, array given in /home/ubuntu/workspace/CST336/Labs/lab9/index.php on line 2
[06-May-2019 18:49:39 UTC] PHP Stack trace:
[06-May-2019 18:49:39 UTC] PHP   1. {main}() /home/ubuntu/workspace/CST336/Labs/lab9/index.php:0
[06-May-2019 18:49:39 UTC] PHP   2. filesize() /home/ubuntu/workspace/CST336/Labs/lab9/index.php:2
[06-May-2019 18:49:39 UTC] PHP Fatal error:  Call to undefined function dbConnection() in /home/ubuntu/workspace/CST336/Labs/lab9/index.php on line 63
[06-May-2019 18:49:39 UTC] PHP Stack trace:
[06-May-2019 18:49:39 UTC] PHP   1. {main}() /home/ubuntu/workspace/CST336/Labs/lab9/index.php:0
[06-May-2019 18:50:09 UTC] PHP Fatal error:  Call to undefined function dbConnection() in /home/ubuntu/workspace/CST336/Labs/lab9/index.php on line 63
[06-May-2019 18:50:09 UTC] PHP Stack trace:
[06-May-2019 18:50:09 UTC] PHP   1. {main}() /home/ubuntu/workspace/CST336/Labs/lab9/index.php:0
[06-May-2019 18:50:12 UTC] PHP Fatal error:  Call to undefined function dbConnection() in /home/ubuntu/workspace/CST336/Labs/lab9/index.php on line 63
[06-May-2019 18:50:12 UTC] PHP Stack trace:
[06-May-2019 18:50:12 UTC] PHP   1. {main}() /home/ubuntu/workspace/CST336/Labs/lab9/index.php:0
[06-May-2019 18:50:29 UTC] PHP Fatal error:  Call to undefined function dbConnection() in /home/ubuntu/workspace/CST336/Labs/lab9/index.php on line 63
[06-May-2019 18:50:29 UTC] PHP Stack trace:
[06-May-2019 18:50:29 UTC] PHP   1. {main}() /home/ubuntu/workspace/CST336/Labs/lab9/index.php:0
[06-May-2019 18:53:15 UTC] PHP Fatal error:  Call to undefined function dbConnection() in /home/ubuntu/workspace/CST336/Labs/lab9/index.php on line 62
[06-May-2019 18:53:15 UTC] PHP Stack trace:
[06-May-2019 18:53:15 UTC] PHP   1. {main}() /home/ubuntu/workspace/CST336/Labs/lab9/index.php:0
