[08-Apr-2019 19:15:59 UTC] PHP Warning:  include(dbConnection.php): failed to open stream: No such file or directory in /home/ubuntu/workspace/CST336/Practice/p7/api/get_word_api.php on line 5
[08-Apr-2019 19:15:59 UTC] PHP Stack trace:
[08-Apr-2019 19:15:59 UTC] PHP   1. {main}() /home/ubuntu/workspace/CST336/Practice/p7/api/get_word_api.php:0
[08-Apr-2019 19:15:59 UTC] PHP Warning:  include(): Failed opening 'dbConnection.php' for inclusion (include_path='.:/usr/share/php:/usr/share/pear') in /home/ubuntu/workspace/CST336/Practice/p7/api/get_word_api.php on line 5
[08-Apr-2019 19:15:59 UTC] PHP Stack trace:
[08-Apr-2019 19:15:59 UTC] PHP   1. {main}() /home/ubuntu/workspace/CST336/Practice/p7/api/get_word_api.php:0
[08-Apr-2019 19:15:59 UTC] PHP Fatal error:  Call to undefined function getDatabaseConnection() in /home/ubuntu/workspace/CST336/Practice/p7/api/get_word_api.php on line 6
[08-Apr-2019 19:15:59 UTC] PHP Stack trace:
[08-Apr-2019 19:15:59 UTC] PHP   1. {main}() /home/ubuntu/workspace/CST336/Practice/p7/api/get_word_api.php:0
[08-Apr-2019 19:16:06 UTC] PHP Warning:  include(dbConnection.php): failed to open stream: No such file or directory in /home/ubuntu/workspace/CST336/Practice/p7/api/get_word_api.php on line 5
[08-Apr-2019 19:16:06 UTC] PHP Stack trace:
[08-Apr-2019 19:16:06 UTC] PHP   1. {main}() /home/ubuntu/workspace/CST336/Practice/p7/api/get_word_api.php:0
[08-Apr-2019 19:16:06 UTC] PHP Warning:  include(): Failed opening 'dbConnection.php' for inclusion (include_path='.:/usr/share/php:/usr/share/pear') in /home/ubuntu/workspace/CST336/Practice/p7/api/get_word_api.php on line 5
[08-Apr-2019 19:16:06 UTC] PHP Stack trace:
[08-Apr-2019 19:16:06 UTC] PHP   1. {main}() /home/ubuntu/workspace/CST336/Practice/p7/api/get_word_api.php:0
[08-Apr-2019 19:16:06 UTC] PHP Fatal error:  Call to undefined function getDatabaseConnection() in /home/ubuntu/workspace/CST336/Practice/p7/api/get_word_api.php on line 6
[08-Apr-2019 19:16:06 UTC] PHP Stack trace:
[08-Apr-2019 19:16:06 UTC] PHP   1. {main}() /home/ubuntu/workspace/CST336/Practice/p7/api/get_word_api.php:0
[08-Apr-2019 19:16:12 UTC] PHP Warning:  include(dbConnection.php): failed to open stream: No such file or directory in /home/ubuntu/workspace/CST336/Practice/p7/api/check_word.php on line 4
[08-Apr-2019 19:16:12 UTC] PHP Stack trace:
[08-Apr-2019 19:16:12 UTC] PHP   1. {main}() /home/ubuntu/workspace/CST336/Practice/p7/api/check_word.php:0
[08-Apr-2019 19:16:12 UTC] PHP Warning:  include(): Failed opening 'dbConnection.php' for inclusion (include_path='.:/usr/share/php:/usr/share/pear') in /home/ubuntu/workspace/CST336/Practice/p7/api/check_word.php on line 4
[08-Apr-2019 19:16:12 UTC] PHP Stack trace:
[08-Apr-2019 19:16:12 UTC] PHP   1. {main}() /home/ubuntu/workspace/CST336/Practice/p7/api/check_word.php:0
[08-Apr-2019 19:17:07 UTC] PHP Warning:  include(dbConnection.php): failed to open stream: No such file or directory in /home/ubuntu/workspace/CST336/Practice/p7/api/get_word_api.php on line 5
[08-Apr-2019 19:17:07 UTC] PHP Stack trace:
[08-Apr-2019 19:17:07 UTC] PHP   1. {main}() /home/ubuntu/workspace/CST336/Practice/p7/api/get_word_api.php:0
[08-Apr-2019 19:17:07 UTC] PHP Warning:  include(): Failed opening 'dbConnection.php' for inclusion (include_path='.:/usr/share/php:/usr/share/pear') in /home/ubuntu/workspace/CST336/Practice/p7/api/get_word_api.php on line 5
[08-Apr-2019 19:17:07 UTC] PHP Stack trace:
[08-Apr-2019 19:17:07 UTC] PHP   1. {main}() /home/ubuntu/workspace/CST336/Practice/p7/api/get_word_api.php:0
[08-Apr-2019 19:17:07 UTC] PHP Fatal error:  Call to undefined function getDatabaseConnection() in /home/ubuntu/workspace/CST336/Practice/p7/api/get_word_api.php on line 6
[08-Apr-2019 19:17:07 UTC] PHP Stack trace:
[08-Apr-2019 19:17:07 UTC] PHP   1. {main}() /home/ubuntu/workspace/CST336/Practice/p7/api/get_word_api.php:0
[08-Apr-2019 19:17:13 UTC] PHP Warning:  include(dbConnection.php): failed to open stream: No such file or directory in /home/ubuntu/workspace/CST336/Practice/p7/api/get_word_api.php on line 5
[08-Apr-2019 19:17:13 UTC] PHP Stack trace:
[08-Apr-2019 19:17:13 UTC] PHP   1. {main}() /home/ubuntu/workspace/CST336/Practice/p7/api/get_word_api.php:0
[08-Apr-2019 19:17:13 UTC] PHP Warning:  include(): Failed opening 'dbConnection.php' for inclusion (include_path='.:/usr/share/php:/usr/share/pear') in /home/ubuntu/workspace/CST336/Practice/p7/api/get_word_api.php on line 5
[08-Apr-2019 19:17:13 UTC] PHP Stack trace:
[08-Apr-2019 19:17:13 UTC] PHP   1. {main}() /home/ubuntu/workspace/CST336/Practice/p7/api/get_word_api.php:0
[08-Apr-2019 19:17:13 UTC] PHP Fatal error:  Call to undefined function getDatabaseConnection() in /home/ubuntu/workspace/CST336/Practice/p7/api/get_word_api.php on line 6
[08-Apr-2019 19:17:13 UTC] PHP Stack trace:
[08-Apr-2019 19:17:13 UTC] PHP   1. {main}() /home/ubuntu/workspace/CST336/Practice/p7/api/get_word_api.php:0
[08-Apr-2019 19:21:36 UTC] PHP Warning:  include(dbConnection.php): failed to open stream: No such file or directory in /home/ubuntu/workspace/CST336/Practice/p7/api/check_word.php on line 4
[08-Apr-2019 19:21:36 UTC] PHP Stack trace:
[08-Apr-2019 19:21:36 UTC] PHP   1. {main}() /home/ubuntu/workspace/CST336/Practice/p7/api/check_word.php:0
[08-Apr-2019 19:21:36 UTC] PHP Warning:  include(): Failed opening 'dbConnection.php' for inclusion (include_path='.:/usr/share/php:/usr/share/pear') in /home/ubuntu/workspace/CST336/Practice/p7/api/check_word.php on line 4
[08-Apr-2019 19:21:36 UTC] PHP Stack trace:
[08-Apr-2019 19:21:36 UTC] PHP   1. {main}() /home/ubuntu/workspace/CST336/Practice/p7/api/check_word.php:0
[08-Apr-2019 19:21:38 UTC] PHP Warning:  include(dbConnection.php): failed to open stream: No such file or directory in /home/ubuntu/workspace/CST336/Practice/p7/api/check_word.php on line 4
[08-Apr-2019 19:21:38 UTC] PHP Stack trace:
[08-Apr-2019 19:21:38 UTC] PHP   1. {main}() /home/ubuntu/workspace/CST336/Practice/p7/api/check_word.php:0
[08-Apr-2019 19:21:38 UTC] PHP Warning:  include(): Failed opening 'dbConnection.php' for inclusion (include_path='.:/usr/share/php:/usr/share/pear') in /home/ubuntu/workspace/CST336/Practice/p7/api/check_word.php on line 4
[08-Apr-2019 19:21:38 UTC] PHP Stack trace:
[08-Apr-2019 19:21:38 UTC] PHP   1. {main}() /home/ubuntu/workspace/CST336/Practice/p7/api/check_word.php:0
[08-Apr-2019 19:21:38 UTC] PHP Warning:  include(dbConnection.php): failed to open stream: No such file or directory in /home/ubuntu/workspace/CST336/Practice/p7/api/check_word.php on line 4
[08-Apr-2019 19:21:38 UTC] PHP Stack trace:
[08-Apr-2019 19:21:38 UTC] PHP   1. {main}() /home/ubuntu/workspace/CST336/Practice/p7/api/check_word.php:0
[08-Apr-2019 19:21:38 UTC] PHP Warning:  include(): Failed opening 'dbConnection.php' for inclusion (include_path='.:/usr/share/php:/usr/share/pear') in /home/ubuntu/workspace/CST336/Practice/p7/api/check_word.php on line 4
[08-Apr-2019 19:21:38 UTC] PHP Stack trace:
[08-Apr-2019 19:21:38 UTC] PHP   1. {main}() /home/ubuntu/workspace/CST336/Practice/p7/api/check_word.php:0
[08-Apr-2019 19:21:38 UTC] PHP Warning:  include(dbConnection.php): failed to open stream: No such file or directory in /home/ubuntu/workspace/CST336/Practice/p7/api/check_word.php on line 4
[08-Apr-2019 19:21:38 UTC] PHP Stack trace:
[08-Apr-2019 19:21:38 UTC] PHP   1. {main}() /home/ubuntu/workspace/CST336/Practice/p7/api/check_word.php:0
[08-Apr-2019 19:21:38 UTC] PHP Warning:  include(): Failed opening 'dbConnection.php' for inclusion (include_path='.:/usr/share/php:/usr/share/pear') in /home/ubuntu/workspace/CST336/Practice/p7/api/check_word.php on line 4
[08-Apr-2019 19:21:38 UTC] PHP Stack trace:
[08-Apr-2019 19:21:38 UTC] PHP   1. {main}() /home/ubuntu/workspace/CST336/Practice/p7/api/check_word.php:0
[08-Apr-2019 19:35:29 UTC] PHP Fatal error:  Uncaught exception 'PDOException' with message 'SQLSTATE[42000]: Syntax error or access violation: 1064 You have an error in your SQL syntax; check the manual that corresponds to your MySQL server version for the right syntax to use near '' at line 1' in /home/ubuntu/workspace/CST336/Practice/p7/api/check_word.php:14
Stack trace:
#0 /home/ubuntu/workspace/CST336/Practice/p7/api/check_word.php(14): PDOStatement->execute()
#1 {main}
  thrown in /home/ubuntu/workspace/CST336/Practice/p7/api/check_word.php on line 14
[08-Apr-2019 20:02:48 UTC] PHP Fatal error:  Uncaught exception 'PDOException' with message 'SQLSTATE[42000]: Syntax error or access violation: 1064 You have an error in your SQL syntax; check the manual that corresponds to your MySQL server version for the right syntax to use near '' at line 1' in /home/ubuntu/workspace/CST336/Practice/p7/api/check_word.php:15
Stack trace:
#0 /home/ubuntu/workspace/CST336/Practice/p7/api/check_word.php(15): PDOStatement->execute()
#1 {main}
  thrown in /home/ubuntu/workspace/CST336/Practice/p7/api/check_word.php on line 15
[08-Apr-2019 20:14:31 UTC] PHP Warning:  array_push() expects parameter 1 to be array, null given in /home/ubuntu/workspace/CST336/Practice/p7/api/check_word.php on line 45
[08-Apr-2019 20:14:31 UTC] PHP Stack trace:
[08-Apr-2019 20:14:31 UTC] PHP   1. {main}() /home/ubuntu/workspace/CST336/Practice/p7/api/check_word.php:0
[08-Apr-2019 20:14:31 UTC] PHP   2. array_push() /home/ubuntu/workspace/CST336/Practice/p7/api/check_word.php:45
[08-Apr-2019 20:15:17 UTC] PHP Warning:  array_push() expects parameter 1 to be array, null given in /home/ubuntu/workspace/CST336/Practice/p7/api/check_word.php on line 45
[08-Apr-2019 20:15:17 UTC] PHP Stack trace:
[08-Apr-2019 20:15:17 UTC] PHP   1. {main}() /home/ubuntu/workspace/CST336/Practice/p7/api/check_word.php:0
[08-Apr-2019 20:15:17 UTC] PHP   2. array_push() /home/ubuntu/workspace/CST336/Practice/p7/api/check_word.php:45
[08-Apr-2019 20:15:39 UTC] PHP Warning:  array_push() expects parameter 1 to be array, null given in /home/ubuntu/workspace/CST336/Practice/p7/api/check_word.php on line 45
[08-Apr-2019 20:15:39 UTC] PHP Stack trace:
[08-Apr-2019 20:15:39 UTC] PHP   1. {main}() /home/ubuntu/workspace/CST336/Practice/p7/api/check_word.php:0
[08-Apr-2019 20:15:39 UTC] PHP   2. array_push() /home/ubuntu/workspace/CST336/Practice/p7/api/check_word.php:45
[08-Apr-2019 20:16:31 UTC] PHP Warning:  array_push() expects parameter 1 to be array, null given in /home/ubuntu/workspace/CST336/Practice/p7/api/check_word.php on line 45
[08-Apr-2019 20:16:31 UTC] PHP Stack trace:
[08-Apr-2019 20:16:31 UTC] PHP   1. {main}() /home/ubuntu/workspace/CST336/Practice/p7/api/check_word.php:0
[08-Apr-2019 20:16:31 UTC] PHP   2. array_push() /home/ubuntu/workspace/CST336/Practice/p7/api/check_word.php:45
[08-Apr-2019 20:17:34 UTC] PHP Parse error:  syntax error, unexpected '}' in /home/ubuntu/workspace/CST336/Practice/p7/api/check_word.php on line 46
[08-Apr-2019 20:20:37 UTC] PHP Fatal error:  Uncaught exception 'PDOException' with message 'SQLSTATE[42000]: Syntax error or access violation: 1064 You have an error in your SQL syntax; check the manual that corresponds to your MySQL server version for the right syntax to use near '' at line 1' in /home/ubuntu/workspace/CST336/Practice/p7/api/check_word.php:14
Stack trace:
#0 /home/ubuntu/workspace/CST336/Practice/p7/api/check_word.php(14): PDOStatement->execute()
#1 {main}
  thrown in /home/ubuntu/workspace/CST336/Practice/p7/api/check_word.php on line 14
[08-Apr-2019 20:20:53 UTC] PHP Warning:  json_encode() expects parameter 2 to be long, array given in /home/ubuntu/workspace/CST336/Practice/p7/api/check_word.php on line 47
[08-Apr-2019 20:20:53 UTC] PHP Stack trace:
[08-Apr-2019 20:20:53 UTC] PHP   1. {main}() /home/ubuntu/workspace/CST336/Practice/p7/api/check_word.php:0
[08-Apr-2019 20:20:53 UTC] PHP   2. json_encode() /home/ubuntu/workspace/CST336/Practice/p7/api/check_word.php:47
[08-Apr-2019 20:22:50 UTC] PHP Warning:  json_encode() expects parameter 2 to be long, array given in /home/ubuntu/workspace/CST336/Practice/p7/api/check_word.php on line 47
[08-Apr-2019 20:22:50 UTC] PHP Stack trace:
[08-Apr-2019 20:22:50 UTC] PHP   1. {main}() /home/ubuntu/workspace/CST336/Practice/p7/api/check_word.php:0
[08-Apr-2019 20:22:50 UTC] PHP   2. json_encode() /home/ubuntu/workspace/CST336/Practice/p7/api/check_word.php:47
[08-Apr-2019 20:23:27 UTC] PHP Warning:  json_encode() expects parameter 2 to be long, array given in /home/ubuntu/workspace/CST336/Practice/p7/api/check_word.php on line 47
[08-Apr-2019 20:23:27 UTC] PHP Stack trace:
[08-Apr-2019 20:23:27 UTC] PHP   1. {main}() /home/ubuntu/workspace/CST336/Practice/p7/api/check_word.php:0
[08-Apr-2019 20:23:27 UTC] PHP   2. json_encode() /home/ubuntu/workspace/CST336/Practice/p7/api/check_word.php:47
[08-Apr-2019 20:24:28 UTC] PHP Parse error:  syntax error, unexpected ',' in /home/ubuntu/workspace/CST336/Practice/p7/api/check_word.php on line 47
[08-Apr-2019 20:24:33 UTC] PHP Parse error:  syntax error, unexpected ',' in /home/ubuntu/workspace/CST336/Practice/p7/api/check_word.php on line 47
[08-Apr-2019 20:25:45 UTC] PHP Fatal error:  Uncaught exception 'PDOException' with message 'SQLSTATE[42000]: Syntax error or access violation: 1064 You have an error in your SQL syntax; check the manual that corresponds to your MySQL server version for the right syntax to use near '' at line 1' in /home/ubuntu/workspace/CST336/Practice/p7/api/check_word.php:14
Stack trace:
#0 /home/ubuntu/workspace/CST336/Practice/p7/api/check_word.php(14): PDOStatement->execute()
#1 {main}
  thrown in /home/ubuntu/workspace/CST336/Practice/p7/api/check_word.php on line 14
[08-Apr-2019 20:27:26 UTC] PHP Parse error:  syntax error, unexpected 'Array' (T_ARRAY) in /home/ubuntu/workspace/CST336/Practice/p7/api/check_word.php on line 7
[08-Apr-2019 20:27:38 UTC] PHP Parse error:  syntax error, unexpected 'array' (T_ARRAY) in /home/ubuntu/workspace/CST336/Practice/p7/api/check_word.php on line 7
[08-Apr-2019 20:36:03 UTC] PHP Parse error:  syntax error, unexpected '[' in /home/ubuntu/workspace/CST336/Practice/p7/api/check_word.php on line 50
[08-Apr-2019 20:36:15 UTC] PHP Warning:  print_r() expects parameter 2 to be boolean, array given in /home/ubuntu/workspace/CST336/Practice/p7/api/check_word.php on line 51
[08-Apr-2019 20:36:15 UTC] PHP Stack trace:
[08-Apr-2019 20:36:15 UTC] PHP   1. {main}() /home/ubuntu/workspace/CST336/Practice/p7/api/check_word.php:0
[08-Apr-2019 20:36:15 UTC] PHP   2. print_r() /home/ubuntu/workspace/CST336/Practice/p7/api/check_word.php:51
[08-Apr-2019 21:50:56 UTC] PHP Fatal error:  Maximum execution time of 300 seconds exceeded in /home/ubuntu/workspace/CST336/Practice/p7/api/check_word.php on line 25
[08-Apr-2019 21:50:57 UTC] PHP Stack trace:
[08-Apr-2019 21:50:57 UTC] PHP   1. {main}() /home/ubuntu/workspace/CST336/Practice/p7/api/check_word.php:0
